<?xml version="1.0" encoding="UTF-8"?>
<testng-results skipped="0" failed="0" ignored="0" total="2" passed="2">
  <reporter-output>
  </reporter-output>
  <suite name="com.zoopla.qa.testcases.LoginPageTest" duration-ms="95544" started-at="2019-05-23T14:53:03Z" finished-at="2019-05-23T14:54:38Z">
    <groups>
    </groups>
    <test name="Command line test" duration-ms="95544" started-at="2019-05-23T14:53:03Z" finished-at="2019-05-23T14:54:38Z">
      <class name="com.zoopla.qa.testcases.LoginPageTest">
        <test-method status="PASS" signature="setup()[pri:0, instance:com.zoopla.qa.testcases.LoginPageTest@5ebec15]" name="setup" is-config="true" duration-ms="48901" started-at="2019-05-23T20:23:03Z" finished-at="2019-05-23T20:23:52Z">
          <reporter-output>
          </reporter-output>
        </test-method> <!-- setup -->
        <test-method status="PASS" signature="titleTest()[pri:1, instance:com.zoopla.qa.testcases.LoginPageTest@5ebec15]" name="titleTest" duration-ms="67" started-at="2019-05-23T20:23:52Z" finished-at="2019-05-23T20:23:52Z">
          <reporter-output>
          </reporter-output>
        </test-method> <!-- titleTest -->
        <test-method status="PASS" signature="teardown()[pri:0, instance:com.zoopla.qa.testcases.LoginPageTest@5ebec15]" name="teardown" is-config="true" duration-ms="850" started-at="2019-05-23T20:23:52Z" finished-at="2019-05-23T20:23:52Z">
          <reporter-output>
          </reporter-output>
        </test-method> <!-- teardown -->
        <test-method status="PASS" signature="setup()[pri:0, instance:com.zoopla.qa.testcases.LoginPageTest@5ebec15]" name="setup" is-config="true" duration-ms="34881" started-at="2019-05-23T20:23:52Z" finished-at="2019-05-23T20:24:27Z">
          <reporter-output>
          </reporter-output>
        </test-method> <!-- setup -->
        <test-method status="PASS" signature="loginTest()[pri:2, instance:com.zoopla.qa.testcases.LoginPageTest@5ebec15]" name="loginTest" duration-ms="10156" started-at="2019-05-23T20:24:27Z" finished-at="2019-05-23T20:24:37Z">
          <reporter-output>
          </reporter-output>
        </test-method> <!-- loginTest -->
        <test-method status="PASS" signature="teardown()[pri:0, instance:com.zoopla.qa.testcases.LoginPageTest@5ebec15]" name="teardown" is-config="true" duration-ms="666" started-at="2019-05-23T20:24:37Z" finished-at="2019-05-23T20:24:38Z">
          <reporter-output>
          </reporter-output>
        </test-method> <!-- teardown -->
      </class> <!-- com.zoopla.qa.testcases.LoginPageTest -->
    </test> <!-- Command line test -->
  </suite> <!-- com.zoopla.qa.testcases.LoginPageTest -->
</testng-results>
