<?xml version="1.0" encoding="UTF-8"?>
<testng-results skipped="0" failed="0" ignored="0" total="2" passed="2">
  <reporter-output>
  </reporter-output>
  <suite name="Default suite" duration-ms="66454" started-at="2019-05-22T17:03:27Z" finished-at="2019-05-22T17:04:33Z">
    <groups>
    </groups>
    <test name="Default test" duration-ms="66454" started-at="2019-05-22T17:03:27Z" finished-at="2019-05-22T17:04:33Z">
      <class name="com.zoopla.qa.testcases.LoginPageTest">
        <test-method status="PASS" signature="setup()[pri:0, instance:com.zoopla.qa.testcases.LoginPageTest@61832929]" name="setup" is-config="true" duration-ms="29780" started-at="2019-05-22T22:33:27Z" finished-at="2019-05-22T22:33:57Z">
          <reporter-output>
          </reporter-output>
        </test-method> <!-- setup -->
        <test-method status="PASS" signature="titleTest()[pri:1, instance:com.zoopla.qa.testcases.LoginPageTest@61832929]" name="titleTest" duration-ms="18" started-at="2019-05-22T22:33:57Z" finished-at="2019-05-22T22:33:57Z">
          <reporter-output>
          </reporter-output>
        </test-method> <!-- titleTest -->
        <test-method status="PASS" signature="teardown()[pri:0, instance:com.zoopla.qa.testcases.LoginPageTest@61832929]" name="teardown" is-config="true" duration-ms="963" started-at="2019-05-22T22:33:57Z" finished-at="2019-05-22T22:33:58Z">
          <reporter-output>
          </reporter-output>
        </test-method> <!-- teardown -->
        <test-method status="PASS" signature="setup()[pri:0, instance:com.zoopla.qa.testcases.LoginPageTest@61832929]" name="setup" is-config="true" duration-ms="26687" started-at="2019-05-22T22:33:58Z" finished-at="2019-05-22T22:34:24Z">
          <reporter-output>
          </reporter-output>
        </test-method> <!-- setup -->
        <test-method status="PASS" signature="loginTest()[pri:2, instance:com.zoopla.qa.testcases.LoginPageTest@61832929]" name="loginTest" duration-ms="8210" started-at="2019-05-22T22:34:24Z" finished-at="2019-05-22T22:34:32Z">
          <reporter-output>
          </reporter-output>
        </test-method> <!-- loginTest -->
        <test-method status="PASS" signature="teardown()[pri:0, instance:com.zoopla.qa.testcases.LoginPageTest@61832929]" name="teardown" is-config="true" duration-ms="766" started-at="2019-05-22T22:34:32Z" finished-at="2019-05-22T22:34:33Z">
          <reporter-output>
          </reporter-output>
        </test-method> <!-- teardown -->
      </class> <!-- com.zoopla.qa.testcases.LoginPageTest -->
    </test> <!-- Default test -->
  </suite> <!-- Default suite -->
</testng-results>
